<?xml version="1.0" encoding="UTF-8"?>
<testsuite xmlns:xsi="http://www.w3.org/2001/XMLSchema-instance" xsi:noNamespaceSchemaLocation="https://maven.apache.org/surefire/maven-surefire-plugin/xsd/surefire-test-report-3.0.xsd" version="3.0" name="com.recycob.tutorial.ConfigServiceApplicationTests" time="2.912" tests="1" errors="0" skipped="0" failures="0">
  <properties>
[...]
</properties>
  <testcase name="contextLoads" classname="com.recycob.tutorial.ConfigServiceApplicationTests" time="0.447">
    <system-out><![CDATA[08:29:38.312 [main] INFO org.springframework.test.context.support.AnnotationConfigContextLoaderUtils -- Could not detect default configuration classes for test class [com.recycob.tutorial.ConfigServiceApplicationTests]: ConfigServiceApplicationTests does not declare any static, non-private, non-final, nested classes annotated with @Configuration.
08:29:38.394 [main] INFO org.springframework.boot.test.context.SpringBootTestContextBootstrapper -- Found @SpringBootConfiguration com.recycob.tutorial.ConfigServiceApplication for test class com.recycob.tutorial.ConfigServiceApplicationTests

  .   ____          _            __ _ _
 /\\ / ___'_ __ _ _(_)_ __  __ _ \ \ \ \
( ( )\___ | '_ | '_| | '_ \/ _` | \ \ \ \
 \\/  ___)| |_)| | | | | || (_| |  ) ) ) )
  '  |____| .__|_| |_|_| |_\__, | / / / /
 =========|_|==============|___/=/_/_/_/
 :: Spring Boot ::                (v3.1.2)

2023-07-26T08:29:38.837-05:00  INFO 25164 --- [           main] c.r.t.ConfigServiceApplicationTests      : Starting ConfigServiceApplicationTests using Java 17.0.6 with PID 25164 (started by nelson.tello in C:\Desarrollo\Fuentes\config-service)
2023-07-26T08:29:38.839-05:00  INFO 25164 --- [           main] c.r.t.ConfigServiceApplicationTests      : No active profile set, falling back to 1 default profile: "default"
2023-07-26T08:29:39.595-05:00  INFO 25164 --- [           main] o.s.cloud.context.scope.GenericScope     : BeanFactory id=b9bf38f2-7205-3d10-a76b-5f4320e03a36
2023-07-26T08:29:40.625-05:00  INFO 25164 --- [           main] c.r.t.ConfigServiceApplicationTests      : Started ConfigServiceApplicationTests in 2.101 seconds (process running for 2.872)
]]></system-out>
  </testcase>
</testsuite>